2021-01-30 15:14:50,698 INFO  [org.jboss.modules] (main) JBoss Modules version 1.10.2.Final
2021-01-30 15:15:14,441 INFO  [org.jboss.msc] (main) JBoss MSC version 1.4.12.Final
2021-01-30 15:15:14,672 INFO  [org.jboss.threads] (main) JBoss Threads version 2.4.0.Final
2021-01-30 15:15:19,364 INFO  [org.jboss.as] (MSC service thread 1-2) WFLYSRV0049: Keycloak 12.0.1 (WildFly Core 13.0.3.Final) starting
2021-01-30 15:15:19,370 DEBUG [org.jboss.as.config] (MSC service thread 1-2) Configured system properties:
	awt.toolkit = sun.awt.windows.WToolkit
	file.encoding = Cp1252
	file.encoding.pkg = sun.io
	file.separator = \
	java.awt.graphicsenv = sun.awt.Win32GraphicsEnvironment
	java.awt.printerjob = sun.awt.windows.WPrinterJob
	java.class.path = E:\IIBDCC_2018_2021\Semestre 5\Architectures Orientée Services et Big data Processing\tps_microservices\keycloak-12.0.1\jboss-modules.jar
	java.class.version = 52.0
	java.endorsed.dirs = C:\Program Files\Java\jdk1.8.0_231\jre\lib\endorsed
	java.ext.dirs = C:\Program Files\Java\jdk1.8.0_231\jre\lib\ext;C:\WINDOWS\Sun\Java\lib\ext
	java.home = C:\Program Files\Java\jdk1.8.0_231\jre
	java.io.tmpdir = C:\Users\muham\AppData\Local\Temp\
	java.library.path = C:\Program Files\Java\jdk1.8.0_231\bin;C:\WINDOWS\Sun\Java\bin;C:\WINDOWS\system32;C:\WINDOWS;E:\VM\bin\;C:\WINDOWS\system32;C:\WINDOWS;C:\WINDOWS\System32\Wbem;C:\WINDOWS\System32\WindowsPowerShell\v1.0\;C:\WINDOWS\System32\OpenSSH\;E:\Program Files\Git\cmd;C:\Program Files\Amazon\AWSCLIV2\;C:\Program Files\Docker\Docker\resources\bin;C:\ProgramData\DockerDesktop\version-bin;E:\anaconda\condabin;C:\Program Files\nodejs\;C:\Program Files\Java\jdk1.8.0_231\bin;C:\Program Files\Flutter SDK\flutter\bin;C:\Users\muham\AppData\Local\Microsoft\WindowsApps;E:\Program Files\Microsoft VS Code\bin;E:\Program Files\ffmpeg-20200816-5df9724-win64-static\bin;C:\Users\muham\AppData\Roaming\npm;C:\Program Files\Flutter SDK\flutter\bin;;.
	java.net.preferIPv4Stack = true
	java.runtime.name = Java(TM) SE Runtime Environment
	java.runtime.version = 1.8.0_231-b11
	java.specification.name = Java Platform API Specification
	java.specification.vendor = Oracle Corporation
	java.specification.version = 1.8
	java.util.logging.manager = org.jboss.logmanager.LogManager
	java.vendor = Oracle Corporation
	java.vendor.url = http://java.oracle.com/
	java.vendor.url.bug = http://bugreport.sun.com/bugreport/
	java.version = 1.8.0_231
	java.vm.info = mixed mode
	java.vm.name = Java HotSpot(TM) 64-Bit Server VM
	java.vm.specification.name = Java Virtual Machine Specification
	java.vm.specification.vendor = Oracle Corporation
	java.vm.specification.version = 1.8
	java.vm.vendor = Oracle Corporation
	java.vm.version = 25.231-b11
	javax.management.builder.initial = org.jboss.as.jmx.PluggableMBeanServerBuilder
	jboss.home.dir = E:\IIBDCC_2018_2021\Semestre 5\Architectures Orientée Services et Big data Processing\tps_microservices\keycloak-12.0.1
	jboss.host.name = desktop-cqqq7rs
	jboss.modules.dir = E:\IIBDCC_2018_2021\Semestre 5\Architectures Orientée Services et Big data Processing\tps_microservices\keycloak-12.0.1\modules
	jboss.modules.system.pkgs = org.jboss.byteman
	jboss.node.name = desktop-cqqq7rs
	jboss.qualified.host.name = desktop-cqqq7rs
	jboss.server.base.dir = E:\IIBDCC_2018_2021\Semestre 5\Architectures Orientée Services et Big data Processing\tps_microservices\keycloak-12.0.1\standalone
	jboss.server.config.dir = E:\IIBDCC_2018_2021\Semestre 5\Architectures Orientée Services et Big data Processing\tps_microservices\keycloak-12.0.1\standalone\configuration
	jboss.server.data.dir = E:\IIBDCC_2018_2021\Semestre 5\Architectures Orientée Services et Big data Processing\tps_microservices\keycloak-12.0.1\standalone\data
	jboss.server.deploy.dir = E:\IIBDCC_2018_2021\Semestre 5\Architectures Orientée Services et Big data Processing\tps_microservices\keycloak-12.0.1\standalone\data\content
	jboss.server.log.dir = E:\IIBDCC_2018_2021\Semestre 5\Architectures Orientée Services et Big data Processing\tps_microservices\keycloak-12.0.1\standalone\log
	jboss.server.name = desktop-cqqq7rs
	jboss.server.persist.config = true
	jboss.server.temp.dir = E:\IIBDCC_2018_2021\Semestre 5\Architectures Orientée Services et Big data Processing\tps_microservices\keycloak-12.0.1\standalone\tmp
	line.separator = 

	logging.configuration = file:E:\IIBDCC_2018_2021\Semestre 5\Architectures Orientée Services et Big data Processing\tps_microservices\keycloak-12.0.1\standalone\configuration/logging.properties
	module.path = E:\IIBDCC_2018_2021\Semestre 5\Architectures Orientée Services et Big data Processing\tps_microservices\keycloak-12.0.1\modules
	org.jboss.boot.log.file = E:\IIBDCC_2018_2021\Semestre 5\Architectures Orientée Services et Big data Processing\tps_microservices\keycloak-12.0.1\standalone\log\server.log
	org.jboss.resolver.warning = true
	os.arch = amd64
	os.name = Windows 10
	os.version = 10.0
	path.separator = ;
	program.name = standalone.bat
	sun.arch.data.model = 64
	sun.boot.class.path = C:\Program Files\Java\jdk1.8.0_231\jre\lib\resources.jar;C:\Program Files\Java\jdk1.8.0_231\jre\lib\rt.jar;C:\Program Files\Java\jdk1.8.0_231\jre\lib\sunrsasign.jar;C:\Program Files\Java\jdk1.8.0_231\jre\lib\jsse.jar;C:\Program Files\Java\jdk1.8.0_231\jre\lib\jce.jar;C:\Program Files\Java\jdk1.8.0_231\jre\lib\charsets.jar;C:\Program Files\Java\jdk1.8.0_231\jre\lib\jfr.jar;C:\Program Files\Java\jdk1.8.0_231\jre\classes
	sun.boot.library.path = C:\Program Files\Java\jdk1.8.0_231\jre\bin
	sun.cpu.endian = little
	sun.cpu.isalist = amd64
	sun.desktop = windows
	sun.io.unicode.encoding = UnicodeLittle
	sun.java.command = E:\IIBDCC_2018_2021\Semestre 5\Architectures Orientée Services et Big data Processing\tps_microservices\keycloak-12.0.1\jboss-modules.jar -mp E:\IIBDCC_2018_2021\Semestre 5\Architectures Orientée Services et Big data Processing\tps_microservices\keycloak-12.0.1\modules org.jboss.as.standalone -Djboss.home.dir=E:\IIBDCC_2018_2021\Semestre 5\Architectures Orientée Services et Big data Processing\tps_microservices\keycloak-12.0.1
	sun.java.launcher = SUN_STANDARD
	sun.jnu.encoding = Cp1252
	sun.management.compiler = HotSpot 64-Bit Tiered Compilers
	sun.os.patch.level = 
	sun.stderr.encoding = cp850
	sun.stdout.encoding = cp850
	user.country = FR
	user.dir = E:\IIBDCC_2018_2021\Semestre 5\Architectures Orientée Services et Big data Processing\tps_microservices\keycloak-12.0.1\bin
	user.home = C:\Users\muham
	user.language = fr
	user.name = muham
	user.script = 
	user.timezone = Africa/Casablanca
	user.variant = 
2021-01-30 15:15:19,393 DEBUG [org.jboss.as.config] (MSC service thread 1-2) VM Arguments: -Dprogram.name=standalone.bat -Xms64M -Xmx512M -XX:MetaspaceSize=96M -XX:MaxMetaspaceSize=256m -Djava.net.preferIPv4Stack=true -Djboss.modules.system.pkgs=org.jboss.byteman -Dorg.jboss.boot.log.file=E:\IIBDCC_2018_2021\Semestre 5\Architectures Orientée Services et Big data Processing\tps_microservices\keycloak-12.0.1\standalone\log\server.log -Dlogging.configuration=file:E:\IIBDCC_2018_2021\Semestre 5\Architectures Orientée Services et Big data Processing\tps_microservices\keycloak-12.0.1\standalone\configuration/logging.properties 
2021-01-30 15:15:36,332 INFO  [org.wildfly.security] (ServerService Thread Pool -- 20) ELY00001: WildFly Elytron version 1.13.1.Final
2021-01-30 15:15:49,653 INFO  [org.jboss.as.controller.management-deprecated] (Controller Boot Thread) WFLYCTL0028: Attribute 'security-realm' in the resource at address '/core-service=management/management-interface=http-interface' is deprecated, and may be removed in a future version. See the attribute description in the output of the read-resource-description operation to learn more about the deprecation.
2021-01-30 15:15:49,789 INFO  [org.jboss.as.controller.management-deprecated] (ServerService Thread Pool -- 10) WFLYCTL0028: Attribute 'security-realm' in the resource at address '/subsystem=undertow/server=default-server/https-listener=https' is deprecated, and may be removed in a future version. See the attribute description in the output of the read-resource-description operation to learn more about the deprecation.
2021-01-30 15:15:50,137 INFO  [org.jboss.as.server] (Controller Boot Thread) WFLYSRV0039: Creating http management service using socket-binding (management-http)
2021-01-30 15:15:50,418 INFO  [org.xnio] (MSC service thread 1-4) XNIO version 3.8.2.Final
2021-01-30 15:15:50,528 INFO  [org.xnio.nio] (MSC service thread 1-4) XNIO NIO Implementation Version 3.8.2.Final
2021-01-30 15:15:50,759 WARN  [org.jboss.as.txn] (ServerService Thread Pool -- 49) WFLYTX0013: The node-identifier attribute on the /subsystem=transactions is set to the default value. This is a danger for environments running multiple servers. Please make sure the attribute value is unique.
2021-01-30 15:15:50,771 INFO  [org.wildfly.extension.microprofile.config.smallrye._private] (ServerService Thread Pool -- 51) WFLYCONF0001: Activating WildFly MicroProfile Config Subsystem
2021-01-30 15:15:50,917 INFO  [org.wildfly.extension.microprofile.metrics.smallrye] (ServerService Thread Pool -- 53) WFLYMETRICS0001: Activating Eclipse MicroProfile Metrics Subsystem
2021-01-30 15:15:50,973 INFO  [org.wildfly.extension.microprofile.health.smallrye] (ServerService Thread Pool -- 52) WFLYHEALTH0001: Activating Eclipse MicroProfile Health Subsystem
2021-01-30 15:15:50,988 INFO  [org.jboss.as.clustering.infinispan] (ServerService Thread Pool -- 37) WFLYCLINF0001: Activating Infinispan subsystem.
2021-01-30 15:15:51,114 INFO  [org.jboss.as.connector] (MSC service thread 1-5) WFLYJCA0009: Starting JCA Subsystem (WildFly/IronJacamar 1.4.23.Final)
2021-01-30 15:15:51,763 INFO  [org.jboss.as.naming] (ServerService Thread Pool -- 43) WFLYNAM0001: Activating Naming Subsystem
2021-01-30 15:15:52,159 INFO  [org.jboss.as.security] (ServerService Thread Pool -- 48) WFLYSEC0002: Activating Security Subsystem
2021-01-30 15:15:52,249 WARN  [org.wildfly.clustering.web.undertow] (ServerService Thread Pool -- 54) WFLYCLWEBUT0007: No routing provider found for default-server; using legacy provider based on static configuration
2021-01-30 15:15:52,698 INFO  [org.wildfly.extension.undertow] (MSC service thread 1-5) WFLYUT0003: Undertow 2.2.2.Final starting
2021-01-30 15:15:53,552 INFO  [org.jboss.as.security] (MSC service thread 1-8) WFLYSEC0001: Current PicketBox version=5.0.3.Final-redhat-00006
2021-01-30 15:15:53,775 INFO  [org.jboss.as.jaxrs] (ServerService Thread Pool -- 38) WFLYRS0016: RESTEasy version 3.13.2.Final
2021-01-30 15:15:54,451 INFO  [org.wildfly.extension.undertow] (ServerService Thread Pool -- 54) WFLYUT0014: Creating file handler for path 'E:\IIBDCC_2018_2021\Semestre 5\Architectures Orientée Services et Big data Processing\tps_microservices\keycloak-12.0.1/welcome-content' with options [directory-listing: 'false', follow-symlink: 'false', case-sensitive: 'true', safe-symlink-paths: '[]']
2021-01-30 15:15:55,593 INFO  [org.jboss.as.connector.subsystems.datasources] (ServerService Thread Pool -- 32) WFLYJCA0004: Deploying JDBC-compliant driver class org.h2.Driver (version 1.4)
2021-01-30 15:15:55,601 INFO  [org.jboss.as.connector.deployers.jdbc] (MSC service thread 1-3) WFLYJCA0018: Started Driver service with driver-name = h2
2021-01-30 15:15:56,448 INFO  [org.jboss.as.naming] (MSC service thread 1-2) WFLYNAM0003: Starting Naming Service
2021-01-30 15:15:56,449 INFO  [org.jboss.as.mail.extension] (MSC service thread 1-5) WFLYMAIL0001: Bound mail session [java:jboss/mail/Default]
2021-01-30 15:15:57,230 INFO  [org.wildfly.extension.io] (ServerService Thread Pool -- 36) WFLYIO001: Worker 'default' has auto-configured to 8 IO threads with 64 max task threads based on your 4 available processors
2021-01-30 15:15:57,487 INFO  [org.jboss.as.ejb3] (MSC service thread 1-2) WFLYEJB0482: Strict pool mdb-strict-max-pool is using a max instance size of 16 (per class), which is derived from the number of CPUs on this host.
2021-01-30 15:15:57,486 INFO  [org.jboss.as.ejb3] (MSC service thread 1-1) WFLYEJB0481: Strict pool slsb-strict-max-pool is using a max instance size of 64 (per class), which is derived from thread worker pool sizing.
2021-01-30 15:15:57,701 INFO  [org.wildfly.extension.undertow] (MSC service thread 1-1) WFLYUT0012: Started server default-server.
2021-01-30 15:15:57,709 INFO  [org.wildfly.extension.undertow] (MSC service thread 1-6) WFLYUT0018: Host default-host starting
2021-01-30 15:15:57,822 INFO  [org.jboss.remoting] (MSC service thread 1-3) JBoss Remoting version 5.0.19.Final
2021-01-30 15:15:57,868 INFO  [org.wildfly.extension.undertow] (MSC service thread 1-2) WFLYUT0006: Undertow HTTP listener default listening on 127.0.0.1:8080
2021-01-30 15:15:57,890 INFO  [org.jboss.as.ejb3] (MSC service thread 1-4) WFLYEJB0493: EJB subsystem suspension complete
2021-01-30 15:15:58,616 INFO  [org.jboss.as.connector.subsystems.datasources] (MSC service thread 1-3) WFLYJCA0001: Bound data source [java:jboss/datasources/ExampleDS]
2021-01-30 15:15:58,616 INFO  [org.jboss.as.connector.subsystems.datasources] (MSC service thread 1-7) WFLYJCA0001: Bound data source [java:jboss/datasources/KeycloakDS]
2021-01-30 15:15:58,916 INFO  [org.jboss.as.patching] (MSC service thread 1-7) WFLYPAT0050: Keycloak cumulative patch ID is: base, one-off patches include: none
2021-01-30 15:15:58,958 WARN  [org.jboss.as.domain.management.security] (MSC service thread 1-6) WFLYDM0111: Keystore E:\IIBDCC_2018_2021\Semestre 5\Architectures Orientée Services et Big data Processing\tps_microservices\keycloak-12.0.1\standalone\configuration\application.keystore not found, it will be auto generated on first use with a self signed certificate for host localhost
